<?xml version="1.0" encoding="UTF-8"?>
<!-- Generated by org.testng.reporters.JUnitReportReporter -->
<testsuite hostname="CHANDRU" failures="0" tests="3" name="com.Runner.RunnerTestNG" time="54.158" errors="0" timestamp="2025-04-07T23:09:54 IST" skipped="0">
  <testcase classname="com.Runner.RunnerTestNG" name="runScenario" time="34.552"/>
  <testcase classname="com.Runner.RunnerTestNG" name="runScenario" time="10.373"/>
  <testcase classname="com.Runner.RunnerTestNG" name="runScenario" time="9.233"/>
</testsuite> <!-- com.Runner.RunnerTestNG -->
